% org.quartz-scheduler:quartz-parent=2.1.6-SNAPSHOT -> 2.1.5
- org.slf4j:slf4j-log4j12=1.6.1
- log4j:log4j=1.2.16
- org.codehaus.mojo:exec-maven-plugin=1.2
- org.codehaus.mojo:exec-maven-plugin=1.2
% org.quartz-scheduler:quartz-parent=2.1.6-SNAPSHOT -> 2.1.5
/ org.quartz-scheduler:quartz=${project.version}
- org.apache.maven.plugins:maven-compiler-plugin=2.0.2
- org.apache.maven.plugins:maven-source-plugin=2.1.2
- :maven-surefire-plugin=2.10
- org.codehaus.mojo:findbugs-maven-plugin=2.3.2
- org.apache.maven.plugins:maven-pmd-plugin=2.5
- org.apache.maven.plugins:maven-checkstyle-plugin=2.3
- org.apache.maven.plugins:maven-scm-plugin=1.4
- :maven-javadoc-plugin=2.7
- :maven-assembly-plugin=2.2.2
- org.apache.maven.plugins:maven-gpg-plugin=1.1
% org.quartz-scheduler:quartz-parent=2.1.6-SNAPSHOT -> 2.1.5
- org.apache.openejb:javaee-api=5.0-2
- c3p0:c3p0=0.9.1.1
- org.slf4j:slf4j-api=1.6.1
- org.slf4j:slf4j-log4j12=1.6.1
- log4j:log4j=1.2.16
- org.hamcrest:hamcrest-library=1.2
- junit:junit-dep=4.8.2
- asm:asm=3.2
- org.apache.derby:derby=10.8.1.2
- org.codehaus.mojo:rmic-maven-plugin=1.0
- org.apache.maven.plugins:maven-surefire-plugin=2.10
- org.eclipse.m2e:lifecycle-mapping=1.0.0
% org.quartz-scheduler:quartz-parent=2.1.6-SNAPSHOT -> 2.1.5
- org.eclipse.m2e:lifecycle-mapping=1.0.0
% org.quartz-scheduler:quartz-parent=2.1.6-SNAPSHOT -> 2.1.5
- junit:junit=3.8.2
- asm:asm=3.2
% org.quartz-scheduler:quartz-parent=2.1.6-SNAPSHOT -> 2.1.5
- org.apache.geronimo.specs:geronimo-commonj_1.1_spec=1.0
% org.quartz-scheduler:quartz-parent=2.1.6-SNAPSHOT -> 2.1.5
- junit:junit-dep=4.8.2
- org.slf4j:slf4j-log4j12=1.6.4
/ org.apache.derby:derby=${derby-version}
/ org.apache.derby:derbynet=${derby-version}
/ org.apache.derby:derbyclient=${derby-version}
- <derby-version>=10.8.2.2
% org.quartz-scheduler:quartz-parent=2.1.6-SNAPSHOT -> 2.1.5
- jboss:jboss-common=4.0.2
- jboss:jboss-minimal=4.0.2
- jboss:jboss-system=4.0.2
- jboss:jboss-jmx=4.0.2
% org.quartz-scheduler:quartz-parent=2.1.6-SNAPSHOT -> 2.1.5
/ org.quartz-scheduler.internal:quartz-stubs=${project.version}
% org.quartz-scheduler:quartz-parent=2.1.6-SNAPSHOT -> 2.1.5
% org.quartz-scheduler:quartz-parent=2.1.6-SNAPSHOT -> 2.1.5
/ ${project.groupId}:quartz-oracle=${project.version}
/ org.quartz-scheduler.internal:quartz-stubs=${project.version}
